0 0.587785 0.951057 0.951057 0.587785 1.22465e-16 -0.587785 -0.951057 -0.951057 -0.587785 
1 0.809017 0.309017 -0.309017 -0.809017 -1 -0.809017 -0.309017 0.309017 0.809017 
0 0.1 0.2 0.3 0.4 0.5 0.6 0.7 0.8 0.9 

 x is: 0 y is: 0 h is: 0.1 alph is: -1 l is: 1 u is: 0 z is: 0 c is - 0 b is: 6.27749326226876 d is -39.96407393440295
 x is: 0.1 y is: 0.5877852522924731 h is: 0.1 alph is: -6.735419648693782 l is: 0.4 u is: 0.25 z is: -16.83854912173445 c is - -11.98922218032089 b is: 5.078571044236671 d is -24.69361861777794
 x is: 0.2 y is: 0.9510565162951535 h is: 0.09999999999999998 alph is: -10.89813792008041 l is: 0.3749999999999999 u is: 0.2666666666666667 z is: -24.57142135441858 c is - -19.39730776565427 b is: 1.939918049639157 d is -0.01872730737305281
 x is: 0.3 y is: 0.9510565162951535 h is: 0.1 alph is: -10.8981379200804 l is: 0.3733333333333334 u is: 0.267857142857143 z is: -22.60981013742468 c is - -19.40292595786618 b is: -1.940105322712887 d is 24.7685278472705
 x is: 0.4 y is: 0.5877852522924732 h is: 0.09999999999999998 alph is: -6.735419648693792 l is: 0.3732142857142857 u is: 0.2679425837320574 z is: -11.98892648599398 c is - -11.97236760368503 b is: -5.07763467886801 d is 39.70189163117814
 x is: 0.5 y is: 1.224646799147353e-16 h is: 0.09999999999999998 alph is: -1.06581410364015e-14 l is: 0.3732057416267942 u is: 0.2679487179487179 z is: 3.212417481503485 c is - -0.06180011433159205 b is: -6.281051450669673 d is 40.93789391780963
 x is: 0.6 y is: -0.5877852522924734 h is: 0.09999999999999998 alph is: 6.735419648693801 l is: 0.3732051282051281 u is: 0.2679491583648231 z is: 17.18673570052866 c is - 12.21956806101129 b is: -5.065274656001703 d is 21.06052098737718
 x is: 0.7 y is: -0.9510565162951535 h is: 0.1000000000000001 alph is: 10.8981379200804 l is: 0.3732050841635178 u is: 0.2679491899852726 z is: 24.59630037088563 c is - 18.53772435722445 b is: -1.98954541417813 d is 13.57729784556819
 x is: 0.8 y is: -0.9510565162951536 h is: 0.09999999999999998 alph is: 10.89813792008041 l is: 0.3732050810014729 u is: 0.2679491922555184 z is: 22.61091371089491 c is - 22.61091371089491 b is: 2.12531839263381 d is -75.36971236964972
 x is: 0.9 y is: -0.5877852522924734 h is: -1 alph is: -1 l is: 1 u is: -1 z is: 0 c is - 0 b is: -1 d is -1
 This is point 0.05 This is index 0 This is difference 0.05

0.3088791538716377 FUCCCCCCK YEEEEEEAAAH,     This is point 0.15 This is index 1 This is difference 0.04999999999999999

0.8086540467262823 FUCCCCCCK YEEEEEEAAAH,     This is point 0.25 This is index 2 This is difference 0.04999999999999999

0.9995568084495541 FUCCCCCCK YEEEEEEAAAH,     This is point 0.35 This is index 3 This is difference 0.04999999999999999

0.8086400012457526 FUCCCCCCK YEEEEEEAAAH,     This is point 0.45 This is index 4 This is difference 0.04999999999999999

0.3089353357937575 FUCCCCCCK YEEEEEEAAAH,     This is point 0.55 This is index 5 This is difference 0.05000000000000004

-0.3090898360795866 FUCCCCCCK YEEEEEEAAAH,     This is point 0.65 This is index 6 This is difference 0.05000000000000004

-0.8078674998166083 FUCCCCCCK YEEEEEEAAAH,     This is point 0.75 This is index 7 This is difference 0.05000000000000004

-1.002492313880303 FUCCCCCCK YEEEEEEAAAH,     This is point 0.85 This is index 8 This is difference 0.04999999999999993

-0.7976845264324324 FUCCCCCCK YEEEEEEAAAH,    
 x is: 0 y is: 1 h is: 0.1 alph is: -1 l is: 1 u is: 0 z is: 0 c is - 0 b is: -1.177622209517316 d is -73.22078467332095
 x is: 0.1 y is: 0.8090169943749475 h is: 0.1 alph is: -9.270509831248424 l is: 0.4 u is: 0.25 z is: -23.17627457812106 c is - -21.96623540199629 b is: -3.374245749716945 d is 57.08692899165736
 x is: 0.2 y is: 0.3090169943749475 h is: 0.09999999999999998 alph is: -3.541019662496854 l is: 0.3749999999999999 u is: 0.2666666666666667 z is: -3.262379212492663 c is - -4.840156704499076 b is: -6.054884960366482 d is 35.85607433174377
 x is: 0.3 y is: -0.3090169943749476 h is: 0.1 alph is: 3.541019662496867 l is: 0.3733333333333334 u is: 0.267857142857143 z is: 10.35872567074857 c is - 5.916665595024051 b is: -5.947234071313984 d is 35.55675118115823
 x is: 0.4 y is: -0.8090169943749473 h is: 0.09999999999999998 alph is: 9.270509831248408 l is: 0.3732142857142857 u is: 0.2679425837320574 z is: 22.06409984658941 c is - 16.58369094937153 b is: -3.697198416874426 d is 12.89992656867462
 x is: 0.5 y is: -1 h is: 0.09999999999999998 alph is: 11.45898033750317 l is: 0.3732057416267942 u is: 0.2679487179487179 z is: 24.79214363774927 c is - 20.45366891997391 b is: 0.006537570060118014 d is -14.20744058069806
 x is: 0.6 y is: -0.8090169943749472 h is: 0.09999999999999998 alph is: 9.270509831248411 l is: 0.3732051282051281 u is: 0.2679491583648231 z is: 18.19721904716358 c is - 16.19143674576449 b is: 3.671048136633957 d is -29.01918112104089
 x is: 0.7 y is: -0.3090169943749476 h is: 0.1000000000000001 alph is: 3.541019662496831 l is: 0.3732050841635178 u is: 0.2679491899852726 z is: 4.612203399207433 c is - 7.48568240945223 b is: 6.038760052155631 d is -60.69884056019105
 x is: 0.8 y is: 0.3090169943749472 h is: 0.09999999999999998 alph is: -3.541019662496819 l is: 0.3732050810014729 u is: 0.2679491922555184 z is: -10.7239697586051 c is - -10.7239697586051 b is: 5.714931317240342 d is 35.74656586201701
 x is: 0.9 y is: 0.8090169943749473 h is: -1 alph is: -1 l is: 1 u is: -1 z is: 0 c is - 0 b is: -1 d is -1
 This is point 0.05 This is index 0 This is difference 0.05

0.9319662914399691 FUCCCCCCK YEEEEEEAAAH,     This is point 0.15 This is index 1 This is difference 0.04999999999999999

0.5925249845080667 FUCCCCCCK YEEEEEEAAAH,     This is point 0.25 This is index 2 This is difference 0.04999999999999999

-0.001345636113156268 FUCCCCCCK YEEEEEEAAAH,     This is point 0.35 This is index 3 This is difference 0.04999999999999999

-0.5871424400554418 FUCCCCCCK YEEEEEEAAAH,     This is point 0.45 This is index 4 This is difference 0.04999999999999999

-0.9508051970241556 FUCCCCCCK YEEEEEEAAAH,     This is point 0.55 This is index 5 This is difference 0.05000000000000004

-0.9503148792696464 FUCCCCCCK YEEEEEEAAAH,     This is point 0.65 This is index 6 This is difference 0.05000000000000004

-0.588613393318968 FUCCCCCCK YEEEEEEAAAH,     This is point 0.75 This is index 7 This is difference 0.05000000000000004

0.004047859186440953 FUCCCCCCK YEEEEEEAAAH,     This is point 0.85 This is index 8 This is difference 0.04999999999999993

0.5724219565732035 FUCCCCCCK YEEEEEEAAAH,    
 x is: 0 y is: 0 h is: 0.1 alph is: -1 l is: 1 u is: 0 z is: 0 c is - 0 b is: 1 d is -5.577265400312046e-15
 x is: 0.1 y is: 0.1 h is: 0.1 alph is: 0 l is: 0.4 u is: 0.25 z is: 0 c is - -1.673179620093614e-15 b is: 0.9999999999999999 d is 2.788632700156023e-14
 x is: 0.2 y is: 0.2 h is: 0.09999999999999998 alph is: 1.332267629550188e-15 l is: 0.3749999999999999 u is: 0.2666666666666667 z is: 3.552713678800502e-15 c is - 6.692718480374456e-15 b is: 1.000000000000001 d is -6.155912162092262e-14
 x is: 0.3 y is: 0.3 h is: 0.1 alph is: -3.552713678800501e-15 l is: 0.3733333333333334 u is: 0.267857142857143 z is: -1.046781708932291e-14 c is - -1.177501800590233e-14 b is: 1 d is 5.551744920377388e-14
 x is: 0.4 y is: 0.4 h is: 0.09999999999999998 alph is: 1.77635683940025e-15 l is: 0.3732142857142857 u is: 0.2679425837320574 z is: 7.564390368737909e-15 c is - 4.880216755229841e-15 b is: 0.9999999999999993 d is 1.71250087458521e-14
 x is: 0.5 y is: 0.5 h is: 0.09999999999999998 alph is: 3.552713678800501e-15 l is: 0.3732057416267942 u is: 0.2679487179487179 z is: 7.492582053367725e-15 c is - 1.001771937898547e-14 b is: 1.000000000000001 d is -6.480558954050726e-14
 x is: 0.6 y is: 0.6000000000000001 h is: 0.09999999999999998 alph is: -3.552713678800501e-15 l is: 0.3732051282051281 u is: 0.2679491583648231 z is: -1.152709745663715e-14 c is - -9.423957483166702e-15 b is: 1.000000000000001 d is 5.249770829476763e-15
 x is: 0.7 y is: 0.7000000000000001 h is: 0.1000000000000001 alph is: -3.108624468950438e-15 l is: 0.3732050841635178 u is: 0.2679491899852726 z is: -5.240857657849459e-15 c is - -7.849026234323674e-15 b is: 0.9999999999999991 d is 5.86094798842689e-14
 x is: 0.8 y is: 0.8 h is: 0.09999999999999998 alph is: 3.108624468950438e-15 l is: 0.3732050810014729 u is: 0.2679491922555184 z is: 9.733817730957012e-15 c is - 9.733817730957012e-15 b is: 0.9999999999999993 d is -3.244605910319005e-14
 x is: 0.9 y is: 0.9 h is: -1 alph is: -1 l is: 1 u is: -1 z is: 0 c is - 0 b is: -1 d is -1
 This is point 0.05 This is index 0 This is difference 0.05

0.05 FUCCCCCCK YEEEEEEAAAH,     This is point 0.15 This is index 1 This is difference 0.04999999999999999

0.15 FUCCCCCCK YEEEEEEAAAH,     This is point 0.25 This is index 2 This is difference 0.04999999999999999

0.2500000000000001 FUCCCCCCK YEEEEEEAAAH,     This is point 0.35 This is index 3 This is difference 0.04999999999999999

0.35 FUCCCCCCK YEEEEEEAAAH,     This is point 0.45 This is index 4 This is difference 0.04999999999999999

0.45 FUCCCCCCK YEEEEEEAAAH,     This is point 0.55 This is index 5 This is difference 0.05000000000000004

0.55 FUCCCCCCK YEEEEEEAAAH,     This is point 0.65 This is index 6 This is difference 0.05000000000000004

0.6500000000000001 FUCCCCCCK YEEEEEEAAAH,     This is point 0.75 This is index 7 This is difference 0.05000000000000004

0.7500000000000001 FUCCCCCCK YEEEEEEAAAH,     This is point 0.85 This is index 8 This is difference 0.04999999999999993

0.85 FUCCCCCCK YEEEEEEAAAH,    